This file contains any messages produced by compilers while
running configure, to aid debugging if configure makes a mistake.

It was created by configure, which was
generated by GNU Autoconf 2.59.  Invocation command line was

  $ ./configure --host=mips --prefix=/home/brett/livebox/trunk/targets/fs.src

## --------- ##
## Platform. ##
## --------- ##

hostname = localhost.localdomain
uname -m = i686
uname -r = 2.6.18-128.el5
uname -s = Linux
uname -v = #1 SMP Wed Jan 21 10:44:23 EST 2009

/usr/bin/uname -p = unknown
/bin/uname -X     = unknown

/bin/arch              = i686
/usr/bin/arch -k       = unknown
/usr/convex/getsysinfo = unknown
hostinfo               = unknown
/bin/machine           = unknown
/usr/bin/oslevel       = unknown
/bin/universe          = unknown

PATH: /usr/kerberos/bin
PATH: /usr/local/bin
PATH: /bin
PATH: /usr/bin
PATH: /opt/toolchains/uclibc/bin
PATH: /home/brett/bin


## ----------- ##
## Core tests. ##
## ----------- ##

configure:1540: checking for a BSD-compatible install
configure:1595: result: /usr/bin/install -c
configure:1606: checking whether build environment is sane
configure:1649: result: yes
configure:1714: checking for gawk
configure:1730: found /bin/gawk
configure:1740: result: gawk
configure:1750: checking whether make sets $(MAKE)
configure:1770: result: yes
configure:1846: checking for mips-strip
configure:1872: result: mips-uclibc-strip
configure:1947: checking build system type
configure:1965: result: i686-pc-linux-gnu
configure:1973: checking host system type
configure:1987: result: mips-unknown-elf
configure:2007: checking for gawk
configure:2033: result: gawk
configure:2051: checking for mips-gcc
configure:2077: result: mips-uclibc-gcc
configure:2359: checking for C compiler version
configure:2362: mips-uclibc-gcc --version </dev/null >&5
mips-uclibc-gcc (GCC) 3.2.2
Copyright (C) 2002 Free Software Foundation, Inc.
This is free software; see the source for copying conditions.  There is NO
warranty; not even for MERCHANTABILITY or FITNESS FOR A PARTICULAR PURPOSE.

configure:2365: $? = 0
configure:2367: mips-uclibc-gcc -v </dev/null >&5
Reading specs from /opt/toolchains/uclibc/bin/../lib/gcc-lib/mips-linux/3.2.2/specs
Configured with: /home/cmo/toolchain/uclibc/toolchain/gcc-3.2.2/build/gcc-3.2.2/configure --target=mips-linux --prefix=/home/cmo/toolchain/uclibc/toolchain/gcc-3.2.2/toolchain --exec-prefix=/home/cmo/toolchain/uclibc/toolchain/gcc-3.2.2/toolchain --bindir=/home/cmo/toolchain/uclibc/toolchain/gcc-3.2.2/toolchain/bin --sbindir=/home/cmo/toolchain/uclibc/toolchain/gcc-3.2.2/toolchain/sbin --sysconfdir=/home/cmo/toolchain/uclibc/toolchain/gcc-3.2.2/toolchain/etc --datadir=/home/cmo/toolchain/uclibc/toolchain/gcc-3.2.2/toolchain/share --localstatedir=/home/cmo/toolchain/uclibc/toolchain/gcc-3.2.2/toolchain/var --mandir=/home/cmo/toolchain/uclibc/toolchain/gcc-3.2.2/toolchain/man --infodir=/home/cmo/toolchain/uclibc/toolchain/gcc-3.2.2/toolchain/info --with-local-prefix=/home/cmo/toolchain/uclibc/toolchain/gcc-3.2.2/toolchain/usr/local --libdir=/home/cmo/toolchain/uclibc/toolchain/gcc-3.2.2/toolchain/lib --includedir=/home/cmo/toolchain/uclibc/toolchain/gcc-3.2.2/toolchain/include --with-gxx-include-dir=/home/cmo/toolchain/uclibc/toolchain/gcc-3.2.2/toolchain/include/c++ --oldincludedir=/home/cmo/toolchain/uclibc/toolchain/gcc-3.2.2/toolchain/include --enable-shared --enable-target-optspace --disable-nls --with-gnu-ld --disable-__cxa_atexit --enable-languages=c,c++ --program-prefix=mips-uclibc-
Thread model: posix
gcc version 3.2.2
configure:2370: $? = 0
configure:2372: mips-uclibc-gcc -V </dev/null >&5
mips-uclibc-gcc: argument to `-V' is missing
configure:2375: $? = 1
configure:2398: checking for C compiler default output file name
configure:2401: mips-uclibc-gcc    conftest.c  >&5
configure:2404: $? = 0
configure:2450: result: a.out
configure:2455: checking whether the C compiler works
configure:2461: ./a.out
./configure: line 2462: ./a.out: cannot execute binary file
configure:2464: $? = 126
configure:2481: result: yes
configure:2488: checking whether we are cross compiling
configure:2490: result: yes
configure:2493: checking for suffix of executables
configure:2495: mips-uclibc-gcc -o conftest    conftest.c  >&5
configure:2498: $? = 0
configure:2523: result: 
configure:2529: checking for suffix of object files
configure:2550: mips-uclibc-gcc -c   conftest.c >&5
configure:2553: $? = 0
configure:2575: result: o
configure:2579: checking whether we are using the GNU C compiler
configure:2603: mips-uclibc-gcc -c   conftest.c >&5
configure:2609: $? = 0
configure:2613: test -z 
			 || test ! -s conftest.err
configure:2616: $? = 0
configure:2619: test -s conftest.o
configure:2622: $? = 0
configure:2635: result: yes
configure:2641: checking whether mips-uclibc-gcc accepts -g
configure:2662: mips-uclibc-gcc -c -g  conftest.c >&5
configure:2668: $? = 0
configure:2672: test -z 
			 || test ! -s conftest.err
configure:2675: $? = 0
configure:2678: test -s conftest.o
configure:2681: $? = 0
configure:2692: result: yes
configure:2709: checking for mips-uclibc-gcc option to accept ANSI C
configure:2779: mips-uclibc-gcc  -c -g -O2  conftest.c >&5
configure:2785: $? = 0
configure:2789: test -z 
			 || test ! -s conftest.err
configure:2792: $? = 0
configure:2795: test -s conftest.o
configure:2798: $? = 0
configure:2816: result: none needed
configure:2834: mips-uclibc-gcc -c -g -O2  conftest.c >&5
conftest.c:2: parse error before "me"
configure:2840: $? = 1
configure: failed program was:
| #ifndef __cplusplus
|   choke me
| #endif
configure:2984: checking for style of include used by make
configure:3012: result: GNU
configure:3040: checking dependency style of mips-uclibc-gcc
configure:3130: result: gcc3
configure:3160: checking for a BSD-compatible install
configure:3215: result: /usr/bin/install -c
configure:3226: checking whether ln -s works
configure:3230: result: yes
configure:3245: checking for mips-strip
configure:3271: result: mips-uclibc-strip
configure:3397: checking for a sed that does not truncate output
configure:3451: result: /bin/sed
configure:3454: checking for egrep
configure:3464: result: grep -E
configure:3480: checking for ld used by mips-uclibc-gcc
configure:3547: result: mips-uclibc-ld
configure:3556: checking if the linker (mips-uclibc-ld) is GNU ld
configure:3571: result: yes
configure:3576: checking for mips-uclibc-ld option to reload object files
configure:3583: result: -r
configure:3601: checking for BSD-compatible nm
configure:3643: result: mips-uclibc-nm
configure:3647: checking how to recognise dependent libraries
configure:3819: result: unknown
configure:4033: checking how to run the C preprocessor
configure:4068: mips-uclibc-gcc -E  conftest.c
configure:4074: $? = 0
configure:4106: mips-uclibc-gcc -E  conftest.c
conftest.c:11:28: ac_nonexistent.h: No such file or directory
configure:4112: $? = 1
configure: failed program was:
| /* confdefs.h.  */
| 
| #define PACKAGE_NAME ""
| #define PACKAGE_TARNAME ""
| #define PACKAGE_VERSION ""
| #define PACKAGE_STRING ""
| #define PACKAGE_BUGREPORT ""
| #define PACKAGE "ipkg"
| #define VERSION "0.99.163"
| /* end confdefs.h.  */
| #include <ac_nonexistent.h>
configure:4151: result: mips-uclibc-gcc -E
configure:4175: mips-uclibc-gcc -E  conftest.c
configure:4181: $? = 0
configure:4213: mips-uclibc-gcc -E  conftest.c
conftest.c:11:28: ac_nonexistent.h: No such file or directory
configure:4219: $? = 1
configure: failed program was:
| /* confdefs.h.  */
| 
| #define PACKAGE_NAME ""
| #define PACKAGE_TARNAME ""
| #define PACKAGE_VERSION ""
| #define PACKAGE_STRING ""
| #define PACKAGE_BUGREPORT ""
| #define PACKAGE "ipkg"
| #define VERSION "0.99.163"
| /* end confdefs.h.  */
| #include <ac_nonexistent.h>
configure:4263: checking for ANSI C header files
configure:4288: mips-uclibc-gcc -c -g -O2  conftest.c >&5
configure:4294: $? = 0
configure:4298: test -z 
			 || test ! -s conftest.err
configure:4301: $? = 0
configure:4304: test -s conftest.o
configure:4307: $? = 0
configure:4419: result: yes
configure:4443: checking for sys/types.h
configure:4459: mips-uclibc-gcc -c -g -O2  conftest.c >&5
configure:4465: $? = 0
configure:4469: test -z 
			 || test ! -s conftest.err
configure:4472: $? = 0
configure:4475: test -s conftest.o
configure:4478: $? = 0
configure:4489: result: yes
configure:4443: checking for sys/stat.h
configure:4459: mips-uclibc-gcc -c -g -O2  conftest.c >&5
configure:4465: $? = 0
configure:4469: test -z 
			 || test ! -s conftest.err
configure:4472: $? = 0
configure:4475: test -s conftest.o
configure:4478: $? = 0
configure:4489: result: yes
configure:4443: checking for stdlib.h
configure:4459: mips-uclibc-gcc -c -g -O2  conftest.c >&5
configure:4465: $? = 0
configure:4469: test -z 
			 || test ! -s conftest.err
configure:4472: $? = 0
configure:4475: test -s conftest.o
configure:4478: $? = 0
configure:4489: result: yes
configure:4443: checking for string.h
configure:4459: mips-uclibc-gcc -c -g -O2  conftest.c >&5
configure:4465: $? = 0
configure:4469: test -z 
			 || test ! -s conftest.err
configure:4472: $? = 0
configure:4475: test -s conftest.o
configure:4478: $? = 0
configure:4489: result: yes
configure:4443: checking for memory.h
configure:4459: mips-uclibc-gcc -c -g -O2  conftest.c >&5
configure:4465: $? = 0
configure:4469: test -z 
			 || test ! -s conftest.err
configure:4472: $? = 0
configure:4475: test -s conftest.o
configure:4478: $? = 0
configure:4489: result: yes
configure:4443: checking for strings.h
configure:4459: mips-uclibc-gcc -c -g -O2  conftest.c >&5
configure:4465: $? = 0
configure:4469: test -z 
			 || test ! -s conftest.err
configure:4472: $? = 0
configure:4475: test -s conftest.o
configure:4478: $? = 0
configure:4489: result: yes
configure:4443: checking for inttypes.h
configure:4459: mips-uclibc-gcc -c -g -O2  conftest.c >&5
configure:4465: $? = 0
configure:4469: test -z 
			 || test ! -s conftest.err
configure:4472: $? = 0
configure:4475: test -s conftest.o
configure:4478: $? = 0
configure:4489: result: yes
configure:4443: checking for stdint.h
configure:4459: mips-uclibc-gcc -c -g -O2  conftest.c >&5
configure:4465: $? = 0
configure:4469: test -z 
			 || test ! -s conftest.err
configure:4472: $? = 0
configure:4475: test -s conftest.o
configure:4478: $? = 0
configure:4489: result: yes
configure:4443: checking for unistd.h
configure:4459: mips-uclibc-gcc -c -g -O2  conftest.c >&5
configure:4465: $? = 0
configure:4469: test -z 
			 || test ! -s conftest.err
configure:4472: $? = 0
configure:4475: test -s conftest.o
configure:4478: $? = 0
configure:4489: result: yes
configure:4515: checking dlfcn.h usability
configure:4527: mips-uclibc-gcc -c -g -O2  conftest.c >&5
configure:4533: $? = 0
configure:4537: test -z 
			 || test ! -s conftest.err
configure:4540: $? = 0
configure:4543: test -s conftest.o
configure:4546: $? = 0
configure:4556: result: yes
configure:4560: checking dlfcn.h presence
configure:4570: mips-uclibc-gcc -E  conftest.c
configure:4576: $? = 0
configure:4596: result: yes
configure:4631: checking for dlfcn.h
configure:4638: result: yes
configure:4661: checking for mips-g++
configure:4687: result: mips-uclibc-g++
configure:4745: checking for C++ compiler version
configure:4748: mips-uclibc-g++ --version </dev/null >&5
mips-uclibc-g++ (GCC) 3.2.2
Copyright (C) 2002 Free Software Foundation, Inc.
This is free software; see the source for copying conditions.  There is NO
warranty; not even for MERCHANTABILITY or FITNESS FOR A PARTICULAR PURPOSE.

configure:4751: $? = 0
configure:4753: mips-uclibc-g++ -v </dev/null >&5
Reading specs from /opt/toolchains/uclibc/bin/../lib/gcc-lib/mips-linux/3.2.2/specs
Configured with: /home/cmo/toolchain/uclibc/toolchain/gcc-3.2.2/build/gcc-3.2.2/configure --target=mips-linux --prefix=/home/cmo/toolchain/uclibc/toolchain/gcc-3.2.2/toolchain --exec-prefix=/home/cmo/toolchain/uclibc/toolchain/gcc-3.2.2/toolchain --bindir=/home/cmo/toolchain/uclibc/toolchain/gcc-3.2.2/toolchain/bin --sbindir=/home/cmo/toolchain/uclibc/toolchain/gcc-3.2.2/toolchain/sbin --sysconfdir=/home/cmo/toolchain/uclibc/toolchain/gcc-3.2.2/toolchain/etc --datadir=/home/cmo/toolchain/uclibc/toolchain/gcc-3.2.2/toolchain/share --localstatedir=/home/cmo/toolchain/uclibc/toolchain/gcc-3.2.2/toolchain/var --mandir=/home/cmo/toolchain/uclibc/toolchain/gcc-3.2.2/toolchain/man --infodir=/home/cmo/toolchain/uclibc/toolchain/gcc-3.2.2/toolchain/info --with-local-prefix=/home/cmo/toolchain/uclibc/toolchain/gcc-3.2.2/toolchain/usr/local --libdir=/home/cmo/toolchain/uclibc/toolchain/gcc-3.2.2/toolchain/lib --includedir=/home/cmo/toolchain/uclibc/toolchain/gcc-3.2.2/toolchain/include --with-gxx-include-dir=/home/cmo/toolchain/uclibc/toolchain/gcc-3.2.2/toolchain/include/c++ --oldincludedir=/home/cmo/toolchain/uclibc/toolchain/gcc-3.2.2/toolchain/include --enable-shared --enable-target-optspace --disable-nls --with-gnu-ld --disable-__cxa_atexit --enable-languages=c,c++ --program-prefix=mips-uclibc-
Thread model: posix
gcc version 3.2.2
configure:4756: $? = 0
configure:4758: mips-uclibc-g++ -V </dev/null >&5
mips-uclibc-g++: argument to `-V' missing

configure:4761: $? = 1
configure:4764: checking whether we are using the GNU C++ compiler
configure:4788: mips-uclibc-g++ -c   conftest.cc >&5
configure:4794: $? = 0
configure:4798: test -z 
			 || test ! -s conftest.err
configure:4801: $? = 0
configure:4804: test -s conftest.o
configure:4807: $? = 0
configure:4820: result: yes
configure:4826: checking whether mips-uclibc-g++ accepts -g
configure:4847: mips-uclibc-g++ -c -g  conftest.cc >&5
configure:4853: $? = 0
configure:4857: test -z 
			 || test ! -s conftest.err
configure:4860: $? = 0
configure:4863: test -s conftest.o
configure:4866: $? = 0
configure:4877: result: yes
configure:4919: mips-uclibc-g++ -c -g -O2  conftest.cc >&5
configure:4925: $? = 0
configure:4929: test -z 
			 || test ! -s conftest.err
configure:4932: $? = 0
configure:4935: test -s conftest.o
configure:4938: $? = 0
configure:4964: mips-uclibc-g++ -c -g -O2  conftest.cc >&5
conftest.cc: In function `int main()':
conftest.cc:26: `exit' undeclared (first use this function)
conftest.cc:26: (Each undeclared identifier is reported only once for each 
   function it appears in.)
configure:4970: $? = 1
configure: failed program was:
| /* confdefs.h.  */
| 
| #define PACKAGE_NAME ""
| #define PACKAGE_TARNAME ""
| #define PACKAGE_VERSION ""
| #define PACKAGE_STRING ""
| #define PACKAGE_BUGREPORT ""
| #define PACKAGE "ipkg"
| #define VERSION "0.99.163"
| #define STDC_HEADERS 1
| #define HAVE_SYS_TYPES_H 1
| #define HAVE_SYS_STAT_H 1
| #define HAVE_STDLIB_H 1
| #define HAVE_STRING_H 1
| #define HAVE_MEMORY_H 1
| #define HAVE_STRINGS_H 1
| #define HAVE_INTTYPES_H 1
| #define HAVE_STDINT_H 1
| #define HAVE_UNISTD_H 1
| #define HAVE_DLFCN_H 1
| /* end confdefs.h.  */
| 
| int
| main ()
| {
| exit (42);
|   ;
|   return 0;
| }
configure:4919: mips-uclibc-g++ -c -g -O2  conftest.cc >&5
configure:4925: $? = 0
configure:4929: test -z 
			 || test ! -s conftest.err
configure:4932: $? = 0
configure:4935: test -s conftest.o
configure:4938: $? = 0
configure:4964: mips-uclibc-g++ -c -g -O2  conftest.cc >&5
configure:4970: $? = 0
configure:4974: test -z 
			 || test ! -s conftest.err
configure:4977: $? = 0
configure:4980: test -s conftest.o
configure:4983: $? = 0
configure:5008: checking dependency style of mips-uclibc-g++
configure:5098: result: gcc3
configure:5125: checking how to run the C++ preprocessor
configure:5156: mips-uclibc-g++ -E  conftest.cc
configure:5162: $? = 0
configure:5194: mips-uclibc-g++ -E  conftest.cc
conftest.cc:25:28: ac_nonexistent.h: No such file or directory
configure:5200: $? = 1
configure: failed program was:
| /* confdefs.h.  */
| 
| #define PACKAGE_NAME ""
| #define PACKAGE_TARNAME ""
| #define PACKAGE_VERSION ""
| #define PACKAGE_STRING ""
| #define PACKAGE_BUGREPORT ""
| #define PACKAGE "ipkg"
| #define VERSION "0.99.163"
| #define STDC_HEADERS 1
| #define HAVE_SYS_TYPES_H 1
| #define HAVE_SYS_STAT_H 1
| #define HAVE_STDLIB_H 1
| #define HAVE_STRING_H 1
| #define HAVE_MEMORY_H 1
| #define HAVE_STRINGS_H 1
| #define HAVE_INTTYPES_H 1
| #define HAVE_STDINT_H 1
| #define HAVE_UNISTD_H 1
| #define HAVE_DLFCN_H 1
| #ifdef __cplusplus
| extern "C" void std::exit (int) throw (); using std::exit;
| #endif
| /* end confdefs.h.  */
| #include <ac_nonexistent.h>
configure:5239: result: mips-uclibc-g++ -E
configure:5263: mips-uclibc-g++ -E  conftest.cc
configure:5269: $? = 0
configure:5301: mips-uclibc-g++ -E  conftest.cc
conftest.cc:25:28: ac_nonexistent.h: No such file or directory
configure:5307: $? = 1
configure: failed program was:
| /* confdefs.h.  */
| 
| #define PACKAGE_NAME ""
| #define PACKAGE_TARNAME ""
| #define PACKAGE_VERSION ""
| #define PACKAGE_STRING ""
| #define PACKAGE_BUGREPORT ""
| #define PACKAGE "ipkg"
| #define VERSION "0.99.163"
| #define STDC_HEADERS 1
| #define HAVE_SYS_TYPES_H 1
| #define HAVE_SYS_STAT_H 1
| #define HAVE_STDLIB_H 1
| #define HAVE_STRING_H 1
| #define HAVE_MEMORY_H 1
| #define HAVE_STRINGS_H 1
| #define HAVE_INTTYPES_H 1
| #define HAVE_STDINT_H 1
| #define HAVE_UNISTD_H 1
| #define HAVE_DLFCN_H 1
| #ifdef __cplusplus
| extern "C" void std::exit (int) throw (); using std::exit;
| #endif
| /* end confdefs.h.  */
| #include <ac_nonexistent.h>
configure:5362: checking for mips-g77
configure:5391: result: no
configure:5362: checking for mips-f77
configure:5391: result: no
configure:5362: checking for mips-xlf
configure:5391: result: no
configure:5362: checking for mips-frt
configure:5391: result: no
configure:5362: checking for mips-pgf77
configure:5391: result: no
configure:5362: checking for mips-fort77
configure:5391: result: no
configure:5362: checking for mips-fl32
configure:5391: result: no
configure:5362: checking for mips-af77
configure:5391: result: no
configure:5362: checking for mips-f90
configure:5391: result: no
configure:5362: checking for mips-xlf90
configure:5391: result: no
configure:5362: checking for mips-pgf90
configure:5391: result: no
configure:5362: checking for mips-epcf90
configure:5391: result: no
configure:5362: checking for mips-f95
configure:5391: result: no
configure:5362: checking for mips-fort
configure:5391: result: no
configure:5362: checking for mips-xlf95
configure:5391: result: no
configure:5362: checking for mips-ifc
configure:5391: result: no
configure:5362: checking for mips-efc
configure:5391: result: no
configure:5362: checking for mips-pgf95
configure:5391: result: no
configure:5362: checking for mips-lf95
configure:5391: result: no
configure:5362: checking for mips-gfortran
configure:5391: result: no
configure:5404: checking for g77
configure:5433: result: no
configure:5404: checking for f77
configure:5433: result: no
configure:5404: checking for xlf
configure:5433: result: no
configure:5404: checking for frt
configure:5433: result: no
configure:5404: checking for pgf77
configure:5433: result: no
configure:5404: checking for fort77
configure:5433: result: no
configure:5404: checking for fl32
configure:5433: result: no
configure:5404: checking for af77
configure:5433: result: no
configure:5404: checking for f90
configure:5433: result: no
configure:5404: checking for xlf90
configure:5433: result: no
configure:5404: checking for pgf90
configure:5433: result: no
configure:5404: checking for epcf90
configure:5433: result: no
configure:5404: checking for f95
configure:5420: found /usr/bin/f95
configure:5430: result: f95
configure:5445: checking for Fortran 77 compiler version
configure:5448: f95 --version </dev/null >&5
GNU Fortran (GCC) 4.1.2 20080704 (Red Hat 4.1.2-44)
Copyright (C) 2007 Free Software Foundation, Inc.

GNU Fortran comes with NO WARRANTY, to the extent permitted by law.
You may redistribute copies of GNU Fortran
under the terms of the GNU General Public License.
For more information about these matters, see the file named COPYING

configure:5451: $? = 0
configure:5453: f95 -v </dev/null >&5
Using built-in specs.
Target: i386-redhat-linux
Configured with: ../configure --prefix=/usr --mandir=/usr/share/man --infodir=/usr/share/info --enable-shared --enable-threads=posix --enable-checking=release --with-system-zlib --enable-__cxa_atexit --disable-libunwind-exceptions --enable-libgcj-multifile --enable-languages=c,c++,objc,obj-c++,java,fortran,ada --enable-java-awt=gtk --disable-dssi --enable-plugin --with-java-home=/usr/lib/jvm/java-1.4.2-gcj-1.4.2.0/jre --with-cpu=generic --host=i386-redhat-linux
Thread model: posix
gcc version 4.1.2 20080704 (Red Hat 4.1.2-44)
configure:5456: $? = 0
configure:5458: f95 -V </dev/null >&5
f95: '-V' option must have argument
configure:5461: $? = 1
configure:5469: checking whether we are using the GNU Fortran 77 compiler
configure:5483: f95 -c  conftest.F >&5
configure:5489: $? = 0
configure:5493: test -z 
			 || test ! -s conftest.err
configure:5496: $? = 0
configure:5499: test -s conftest.o
configure:5502: $? = 0
configure:5515: result: yes
configure:5521: checking whether f95 accepts -g
configure:5533: f95 -c -g conftest.f >&5
configure:5539: $? = 0
configure:5543: test -z 
			 || test ! -s conftest.err
configure:5546: $? = 0
configure:5549: test -s conftest.o
configure:5552: $? = 0
configure:5564: result: yes
configure:5594: checking the maximum length of command line arguments
configure:5686: result: 32768
configure:5697: checking command to parse mips-uclibc-nm output from mips-uclibc-gcc object
configure:5793: mips-uclibc-gcc -c -g -O2  conftest.c >&5
configure:5796: $? = 0
configure:5800: mips-uclibc-nm conftest.o \| sed -n -e 's/^.*[ 	]\([ABCDGIRSTW][ABCDGIRSTW]*\)[ 	][ 	]*\([_A-Za-z][_A-Za-z0-9]*\)$/\1 \2 \2/p' \> conftest.nm
configure:5803: $? = 0
configure:5855: mips-uclibc-gcc -o conftest -g -O2   conftest.c conftstm.o >&5
configure:5858: $? = 0
configure:5896: result: ok
configure:5900: checking for objdir
configure:5915: result: .libs
configure:5967: checking for mips-ar
configure:5993: result: mips-uclibc-ar
configure:6047: checking for mips-ranlib
configure:6073: result: mips-uclibc-ranlib
configure:6127: checking for mips-strip
configure:6153: result: mips-uclibc-strip
configure:6479: checking if mips-uclibc-gcc static flag  works
configure:6507: result: yes
configure:6525: checking if mips-uclibc-gcc supports -fno-rtti -fno-exceptions
configure:6543: mips-uclibc-gcc -c -g -O2  -fno-rtti -fno-exceptions conftest.c >&5
configure:6547: $? = 0
configure:6560: result: yes
configure:6575: checking for mips-uclibc-gcc option to produce PIC
configure:6779: result: -fPIC
configure:6787: checking if mips-uclibc-gcc PIC flag -fPIC works
configure:6805: mips-uclibc-gcc -c -g -O2  -fPIC -DPIC conftest.c >&5
configure:6809: $? = 0
configure:6822: result: yes
configure:6846: checking if mips-uclibc-gcc supports -c -o file.o
configure:6867: mips-uclibc-gcc -c -g -O2  -o out/conftest2.o conftest.c >&5
configure:6871: $? = 0
configure:6893: result: yes
configure:6919: checking whether the mips-uclibc-gcc linker (mips-uclibc-ld) supports shared libraries
configure:7815: result: yes
configure:7841: checking whether -lc should be explicitly linked in
configure:7846: mips-uclibc-gcc -c -g -O2  conftest.c >&5
configure:7849: $? = 0
configure:7863: mips-uclibc-gcc -shared conftest.o  -v -Wl,-soname -Wl,conftest -o conftest 2\>\&1 \| grep  -lc  \>/dev/null 2\>\&1
configure:7866: $? = 0
configure:7878: result: no
configure:7886: checking dynamic linker characteristics
configure:8440: result: no
configure:8444: checking how to hardcode library paths into programs
configure:8469: result: immediate
configure:8483: checking whether stripping libraries is possible
configure:8488: result: yes
configure:9318: checking if libtool supports shared libraries
configure:9320: result: no
configure:9323: checking whether to build shared libraries
configure:9344: result: no
configure:9347: checking whether to build static libraries
configure:9351: result: yes
configure:9443: creating libtool
configure:10021: checking for ld used by mips-uclibc-g++
configure:10088: result: mips-uclibc-ld
configure:10097: checking if the linker (mips-uclibc-ld) is GNU ld
configure:10112: result: yes
configure:10163: checking whether the mips-uclibc-g++ linker (mips-uclibc-ld) supports shared libraries
configure:11043: result: no
configure:11061: mips-uclibc-g++ -c -g -O2  conftest.cpp >&5
configure:11064: $? = 0
configure:11174: checking for mips-uclibc-g++ option to produce PIC
configure:11442: result: -fPIC
configure:11450: checking if mips-uclibc-g++ PIC flag -fPIC works
configure:11468: mips-uclibc-g++ -c -g -O2  -fPIC -DPIC conftest.cpp >&5
configure:11472: $? = 0
configure:11485: result: yes
configure:11509: checking if mips-uclibc-g++ supports -c -o file.o
configure:11530: mips-uclibc-g++ -c -g -O2  -o out/conftest2.o conftest.cpp >&5
configure:11534: $? = 0
configure:11556: result: yes
configure:11582: checking whether the mips-uclibc-g++ linker (mips-uclibc-ld) supports shared libraries
configure:11607: result: no
configure:11678: checking dynamic linker characteristics
configure:12232: result: no
configure:12236: checking how to hardcode library paths into programs
configure:12261: result: immediate
configure:12275: checking whether stripping libraries is possible
configure:12280: result: yes
configure:13616: checking if libtool supports shared libraries
configure:13618: result: no
configure:13621: checking whether to build shared libraries
configure:13641: result: no
configure:13644: checking whether to build static libraries
configure:13648: result: yes
configure:13660: checking for f95 option to produce PIC
configure:13864: result: -fPIC
configure:13872: checking if f95 PIC flag -fPIC works
configure:13890: f95 -c -g -O2 -fPIC conftest.f >&5
configure:13894: $? = 0
configure:13907: result: yes
configure:13931: checking if f95 supports -c -o file.o
configure:13952: f95 -c -g -O2 -o out/conftest2.o conftest.f >&5
configure:13956: $? = 0
configure:13978: result: yes
configure:14004: checking whether the f95 linker (mips-uclibc-ld) supports shared libraries
configure:14880: result: yes
configure:14951: checking dynamic linker characteristics
configure:15505: result: no
configure:15509: checking how to hardcode library paths into programs
configure:15534: result: immediate
configure:15548: checking whether stripping libraries is possible
configure:15553: result: yes
configure:19814: checking for dirent.h that defines DIR
configure:19838: mips-uclibc-gcc -c -g -O2  conftest.c >&5
configure:19844: $? = 0
configure:19848: test -z 
			 || test ! -s conftest.err
configure:19851: $? = 0
configure:19854: test -s conftest.o
configure:19857: $? = 0
configure:19868: result: yes
configure:19881: checking for library containing opendir
configure:19911: mips-uclibc-gcc -o conftest -g -O2   conftest.c  >&5
configure:19917: $? = 0
configure:19921: test -z 
			 || test ! -s conftest.err
configure:19924: $? = 0
configure:19927: test -s conftest
configure:19930: $? = 0
configure:20000: result: none required
configure:20136: checking for ANSI C header files
configure:20292: result: yes
configure:20302: checking for sys/wait.h that is POSIX.1 compatible
configure:20333: mips-uclibc-gcc -c -g -O2  conftest.c >&5
configure:20339: $? = 0
configure:20343: test -z 
			 || test ! -s conftest.err
configure:20346: $? = 0
configure:20349: test -s conftest.o
configure:20352: $? = 0
configure:20363: result: yes
configure:20396: checking errno.h usability
configure:20408: mips-uclibc-gcc -c -g -O2  conftest.c >&5
configure:20414: $? = 0
configure:20418: test -z 
			 || test ! -s conftest.err
configure:20421: $? = 0
configure:20424: test -s conftest.o
configure:20427: $? = 0
configure:20437: result: yes
configure:20441: checking errno.h presence
configure:20451: mips-uclibc-gcc -E  conftest.c
configure:20457: $? = 0
configure:20477: result: yes
configure:20512: checking for errno.h
configure:20519: result: yes
configure:20396: checking fcntl.h usability
configure:20408: mips-uclibc-gcc -c -g -O2  conftest.c >&5
configure:20414: $? = 0
configure:20418: test -z 
			 || test ! -s conftest.err
configure:20421: $? = 0
configure:20424: test -s conftest.o
configure:20427: $? = 0
configure:20437: result: yes
configure:20441: checking fcntl.h presence
configure:20451: mips-uclibc-gcc -E  conftest.c
configure:20457: $? = 0
configure:20477: result: yes
configure:20512: checking for fcntl.h
configure:20519: result: yes
configure:20387: checking for memory.h
configure:20392: result: yes
configure:20396: checking regex.h usability
configure:20408: mips-uclibc-gcc -c -g -O2  conftest.c >&5
configure:20414: $? = 0
configure:20418: test -z 
			 || test ! -s conftest.err
configure:20421: $? = 0
configure:20424: test -s conftest.o
configure:20427: $? = 0
configure:20437: result: yes
configure:20441: checking regex.h presence
configure:20451: mips-uclibc-gcc -E  conftest.c
configure:20457: $? = 0
configure:20477: result: yes
configure:20512: checking for regex.h
configure:20519: result: yes
configure:20396: checking stddef.h usability
configure:20408: mips-uclibc-gcc -c -g -O2  conftest.c >&5
configure:20414: $? = 0
configure:20418: test -z 
			 || test ! -s conftest.err
configure:20421: $? = 0
configure:20424: test -s conftest.o
configure:20427: $? = 0
configure:20437: result: yes
configure:20441: checking stddef.h presence
configure:20451: mips-uclibc-gcc -E  conftest.c
configure:20457: $? = 0
configure:20477: result: yes
configure:20512: checking for stddef.h
configure:20519: result: yes
configure:20387: checking for stdlib.h
configure:20392: result: yes
configure:20387: checking for string.h
configure:20392: result: yes
configure:20387: checking for strings.h
configure:20392: result: yes
configure:20387: checking for unistd.h
configure:20392: result: yes
configure:20396: checking utime.h usability
configure:20408: mips-uclibc-gcc -c -g -O2  conftest.c >&5
configure:20414: $? = 0
configure:20418: test -z 
			 || test ! -s conftest.err
configure:20421: $? = 0
configure:20424: test -s conftest.o
configure:20427: $? = 0
configure:20437: result: yes
configure:20441: checking utime.h presence
configure:20451: mips-uclibc-gcc -E  conftest.c
configure:20457: $? = 0
configure:20477: result: yes
configure:20512: checking for utime.h
configure:20519: result: yes
configure:20534: checking for an ANSI C-conforming const
configure:20601: mips-uclibc-gcc -c -g -O2  conftest.c >&5
configure:20607: $? = 0
configure:20611: test -z 
			 || test ! -s conftest.err
configure:20614: $? = 0
configure:20617: test -s conftest.o
configure:20620: $? = 0
configure:20631: result: yes
configure:20641: checking for uid_t in sys/types.h
configure:20664: result: yes
configure:20679: checking for mode_t
configure:20703: mips-uclibc-gcc -c -g -O2  conftest.c >&5
configure:20709: $? = 0
configure:20713: test -z 
			 || test ! -s conftest.err
configure:20716: $? = 0
configure:20719: test -s conftest.o
configure:20722: $? = 0
configure:20733: result: yes
configure:20745: checking for off_t
configure:20769: mips-uclibc-gcc -c -g -O2  conftest.c >&5
configure:20775: $? = 0
configure:20779: test -z 
			 || test ! -s conftest.err
configure:20782: $? = 0
configure:20785: test -s conftest.o
configure:20788: $? = 0
configure:20799: result: yes
configure:20811: checking for pid_t
configure:20835: mips-uclibc-gcc -c -g -O2  conftest.c >&5
configure:20841: $? = 0
configure:20845: test -z 
			 || test ! -s conftest.err
configure:20848: $? = 0
configure:20851: test -s conftest.o
configure:20854: $? = 0
configure:20865: result: yes
configure:20877: checking for size_t
configure:20901: mips-uclibc-gcc -c -g -O2  conftest.c >&5
configure:20907: $? = 0
configure:20911: test -z 
			 || test ! -s conftest.err
configure:20914: $? = 0
configure:20917: test -s conftest.o
configure:20920: $? = 0
configure:20931: result: yes
configure:20943: checking for struct stat.st_rdev
configure:20966: mips-uclibc-gcc -c -g -O2  conftest.c >&5
configure:20972: $? = 0
configure:20976: test -z 
			 || test ! -s conftest.err
configure:20979: $? = 0
configure:20982: test -s conftest.o
configure:20985: $? = 0
configure:21042: result: yes
configure:21066: checking for unistd.h
configure:21071: result: yes
configure:21211: checking for working chown
configure:21274: result: no
configure:21290: checking for unistd.h
configure:21295: result: yes
configure:21299: checking vfork.h usability
configure:21311: mips-uclibc-gcc -c -g -O2  conftest.c >&5
conftest.c:75:19: vfork.h: No such file or directory
configure:21317: $? = 1
configure: failed program was:
| /* confdefs.h.  */
| 
| #define PACKAGE_NAME ""
| #define PACKAGE_TARNAME ""
| #define PACKAGE_VERSION ""
| #define PACKAGE_STRING ""
| #define PACKAGE_BUGREPORT ""
| #define PACKAGE "ipkg"
| #define VERSION "0.99.163"
| #define STDC_HEADERS 1
| #define HAVE_SYS_TYPES_H 1
| #define HAVE_SYS_STAT_H 1
| #define HAVE_STDLIB_H 1
| #define HAVE_STRING_H 1
| #define HAVE_MEMORY_H 1
| #define HAVE_STRINGS_H 1
| #define HAVE_INTTYPES_H 1
| #define HAVE_STDINT_H 1
| #define HAVE_UNISTD_H 1
| #define HAVE_DLFCN_H 1
| #ifdef __cplusplus
| extern "C" void std::exit (int) throw (); using std::exit;
| #endif
| #define HAVE_DIRENT_H 1
| #define STDC_HEADERS 1
| #define HAVE_SYS_WAIT_H 1
| #define HAVE_ERRNO_H 1
| #define HAVE_FCNTL_H 1
| #define HAVE_MEMORY_H 1
| #define HAVE_REGEX_H 1
| #define HAVE_STDDEF_H 1
| #define HAVE_STDLIB_H 1
| #define HAVE_STRING_H 1
| #define HAVE_STRINGS_H 1
| #define HAVE_UNISTD_H 1
| #define HAVE_UTIME_H 1
| #define HAVE_STRUCT_STAT_ST_RDEV 1
| #define HAVE_UNISTD_H 1
| #define HAVE_UNISTD_H 1
| /* end confdefs.h.  */
| #include <stdio.h>
| #if HAVE_SYS_TYPES_H
| # include <sys/types.h>
| #endif
| #if HAVE_SYS_STAT_H
| # include <sys/stat.h>
| #endif
| #if STDC_HEADERS
| # include <stdlib.h>
| # include <stddef.h>
| #else
| # if HAVE_STDLIB_H
| #  include <stdlib.h>
| # endif
| #endif
| #if HAVE_STRING_H
| # if !STDC_HEADERS && HAVE_MEMORY_H
| #  include <memory.h>
| # endif
| # include <string.h>
| #endif
| #if HAVE_STRINGS_H
| # include <strings.h>
| #endif
| #if HAVE_INTTYPES_H
| # include <inttypes.h>
| #else
| # if HAVE_STDINT_H
| #  include <stdint.h>
| # endif
| #endif
| #if HAVE_UNISTD_H
| # include <unistd.h>
| #endif
| #include <vfork.h>
configure:21340: result: no
configure:21344: checking vfork.h presence
configure:21354: mips-uclibc-gcc -E  conftest.c
conftest.c:41:19: vfork.h: No such file or directory
configure:21360: $? = 1
configure: failed program was:
| /* confdefs.h.  */
| 
| #define PACKAGE_NAME ""
| #define PACKAGE_TARNAME ""
| #define PACKAGE_VERSION ""
| #define PACKAGE_STRING ""
| #define PACKAGE_BUGREPORT ""
| #define PACKAGE "ipkg"
| #define VERSION "0.99.163"
| #define STDC_HEADERS 1
| #define HAVE_SYS_TYPES_H 1
| #define HAVE_SYS_STAT_H 1
| #define HAVE_STDLIB_H 1
| #define HAVE_STRING_H 1
| #define HAVE_MEMORY_H 1
| #define HAVE_STRINGS_H 1
| #define HAVE_INTTYPES_H 1
| #define HAVE_STDINT_H 1
| #define HAVE_UNISTD_H 1
| #define HAVE_DLFCN_H 1
| #ifdef __cplusplus
| extern "C" void std::exit (int) throw (); using std::exit;
| #endif
| #define HAVE_DIRENT_H 1
| #define STDC_HEADERS 1
| #define HAVE_SYS_WAIT_H 1
| #define HAVE_ERRNO_H 1
| #define HAVE_FCNTL_H 1
| #define HAVE_MEMORY_H 1
| #define HAVE_REGEX_H 1
| #define HAVE_STDDEF_H 1
| #define HAVE_STDLIB_H 1
| #define HAVE_STRING_H 1
| #define HAVE_STRINGS_H 1
| #define HAVE_UNISTD_H 1
| #define HAVE_UTIME_H 1
| #define HAVE_STRUCT_STAT_ST_RDEV 1
| #define HAVE_UNISTD_H 1
| #define HAVE_UNISTD_H 1
| /* end confdefs.h.  */
| #include <vfork.h>
configure:21380: result: no
configure:21415: checking for vfork.h
configure:21422: result: no
configure:21440: checking for fork
configure:21497: mips-uclibc-gcc -o conftest -g -O2   conftest.c  >&5
configure:21503: $? = 0
configure:21507: test -z 
			 || test ! -s conftest.err
configure:21510: $? = 0
configure:21513: test -s conftest
configure:21516: $? = 0
configure:21528: result: yes
configure:21440: checking for vfork
configure:21497: mips-uclibc-gcc -o conftest -g -O2   conftest.c  >&5
configure:21503: $? = 0
configure:21507: test -z 
			 || test ! -s conftest.err
configure:21510: $? = 0
configure:21513: test -s conftest
configure:21516: $? = 0
configure:21528: result: yes
configure:21539: checking for working fork
configure:21584: result: cross
configure:21600: WARNING: result yes guessed because of cross compilation
configure:21605: checking for working vfork
configure:21738: result: yes
configure:21769: checking return type of signal handlers
configure:21800: mips-uclibc-gcc -c -g -O2  conftest.c >&5
configure:21806: $? = 0
configure:21810: test -z 
			 || test ! -s conftest.err
configure:21813: $? = 0
configure:21816: test -s conftest.o
configure:21819: $? = 0
configure:21830: result: void
configure:21838: checking whether utime accepts a null argument
configure:21892: result: no
configure:21907: checking for vprintf
configure:21964: mips-uclibc-gcc -o conftest -g -O2   conftest.c  >&5
configure:21970: $? = 0
configure:21974: test -z 
			 || test ! -s conftest.err
configure:21977: $? = 0
configure:21980: test -s conftest
configure:21983: $? = 0
configure:21995: result: yes
configure:22002: checking for _doprnt
configure:22059: mips-uclibc-gcc -o conftest -g -O2   conftest.c  >&5
/tmp/cc6HU2Yu.o: In function `main':
/home/brett/livebox/trunk/userapps/opensource/ipkg/conftest.c:87: undefined reference to `_doprnt'
/home/brett/livebox/trunk/userapps/opensource/ipkg/conftest.c:86: undefined reference to `_doprnt'
collect2: ld returned 1 exit status
configure:22065: $? = 1
configure: failed program was:
| /* confdefs.h.  */
| 
| #define PACKAGE_NAME ""
| #define PACKAGE_TARNAME ""
| #define PACKAGE_VERSION ""
| #define PACKAGE_STRING ""
| #define PACKAGE_BUGREPORT ""
| #define PACKAGE "ipkg"
| #define VERSION "0.99.163"
| #define STDC_HEADERS 1
| #define HAVE_SYS_TYPES_H 1
| #define HAVE_SYS_STAT_H 1
| #define HAVE_STDLIB_H 1
| #define HAVE_STRING_H 1
| #define HAVE_MEMORY_H 1
| #define HAVE_STRINGS_H 1
| #define HAVE_INTTYPES_H 1
| #define HAVE_STDINT_H 1
| #define HAVE_UNISTD_H 1
| #define HAVE_DLFCN_H 1
| #ifdef __cplusplus
| extern "C" void std::exit (int) throw (); using std::exit;
| #endif
| #define HAVE_DIRENT_H 1
| #define STDC_HEADERS 1
| #define HAVE_SYS_WAIT_H 1
| #define HAVE_ERRNO_H 1
| #define HAVE_FCNTL_H 1
| #define HAVE_MEMORY_H 1
| #define HAVE_REGEX_H 1
| #define HAVE_STDDEF_H 1
| #define HAVE_STDLIB_H 1
| #define HAVE_STRING_H 1
| #define HAVE_STRINGS_H 1
| #define HAVE_UNISTD_H 1
| #define HAVE_UTIME_H 1
| #define HAVE_STRUCT_STAT_ST_RDEV 1
| #define HAVE_UNISTD_H 1
| #define HAVE_UNISTD_H 1
| #define HAVE_FORK 1
| #define HAVE_VFORK 1
| #define HAVE_WORKING_VFORK 1
| #define HAVE_WORKING_FORK 1
| #define RETSIGTYPE void
| #define HAVE_VPRINTF 1
| /* end confdefs.h.  */
| /* Define _doprnt to an innocuous variant, in case <limits.h> declares _doprnt.
|    For example, HP-UX 11i <limits.h> declares gettimeofday.  */
| #define _doprnt innocuous__doprnt
| 
| /* System header to define __stub macros and hopefully few prototypes,
|     which can conflict with char _doprnt (); below.
|     Prefer <limits.h> to <assert.h> if __STDC__ is defined, since
|     <limits.h> exists even on freestanding compilers.  */
| 
| #ifdef __STDC__
| # include <limits.h>
| #else
| # include <assert.h>
| #endif
| 
| #undef _doprnt
| 
| /* Override any gcc2 internal prototype to avoid an error.  */
| #ifdef __cplusplus
| extern "C"
| {
| #endif
| /* We use char because int might match the return type of a gcc2
|    builtin and then its argument prototype would still apply.  */
| char _doprnt ();
| /* The GNU C library defines this for functions which it implements
|     to always fail with ENOSYS.  Some functions are actually named
|     something starting with __ and the normal name is an alias.  */
| #if defined (__stub__doprnt) || defined (__stub____doprnt)
| choke me
| #else
| char (*f) () = _doprnt;
| #endif
| #ifdef __cplusplus
| }
| #endif
| 
| int
| main ()
| {
| return f != _doprnt;
|   ;
|   return 0;
| }
configure:22090: result: no
configure:22122: checking for memmove
configure:22179: mips-uclibc-gcc -o conftest -g -O2   conftest.c  >&5
configure:22185: $? = 0
configure:22189: test -z 
			 || test ! -s conftest.err
configure:22192: $? = 0
configure:22195: test -s conftest
configure:22198: $? = 0
configure:22210: result: yes
configure:22122: checking for memset
configure:22179: mips-uclibc-gcc -o conftest -g -O2   conftest.c  >&5
conftest.c:72: warning: conflicting types for built-in function `memset'
configure:22185: $? = 0
configure:22189: test -z 
			 || test ! -s conftest.err
configure:22192: $? = 0
configure:22195: test -s conftest
configure:22198: $? = 0
configure:22210: result: yes
configure:22122: checking for mkdir
configure:22179: mips-uclibc-gcc -o conftest -g -O2   conftest.c  >&5
configure:22185: $? = 0
configure:22189: test -z 
			 || test ! -s conftest.err
configure:22192: $? = 0
configure:22195: test -s conftest
configure:22198: $? = 0
configure:22210: result: yes
configure:22122: checking for regcomp
configure:22179: mips-uclibc-gcc -o conftest -g -O2   conftest.c  >&5
configure:22185: $? = 0
configure:22189: test -z 
			 || test ! -s conftest.err
configure:22192: $? = 0
configure:22195: test -s conftest
configure:22198: $? = 0
configure:22210: result: yes
configure:22122: checking for strchr
configure:22179: mips-uclibc-gcc -o conftest -g -O2   conftest.c  >&5
conftest.c:75: warning: conflicting types for built-in function `strchr'
configure:22185: $? = 0
configure:22189: test -z 
			 || test ! -s conftest.err
configure:22192: $? = 0
configure:22195: test -s conftest
configure:22198: $? = 0
configure:22210: result: yes
configure:22122: checking for strcspn
configure:22179: mips-uclibc-gcc -o conftest -g -O2   conftest.c  >&5
conftest.c:76: warning: conflicting types for built-in function `strcspn'
configure:22185: $? = 0
configure:22189: test -z 
			 || test ! -s conftest.err
configure:22192: $? = 0
configure:22195: test -s conftest
configure:22198: $? = 0
configure:22210: result: yes
configure:22122: checking for strdup
configure:22179: mips-uclibc-gcc -o conftest -g -O2   conftest.c  >&5
configure:22185: $? = 0
configure:22189: test -z 
			 || test ! -s conftest.err
configure:22192: $? = 0
configure:22195: test -s conftest
configure:22198: $? = 0
configure:22210: result: yes
configure:22122: checking for strerror
configure:22179: mips-uclibc-gcc -o conftest -g -O2   conftest.c  >&5
configure:22185: $? = 0
configure:22189: test -z 
			 || test ! -s conftest.err
configure:22192: $? = 0
configure:22195: test -s conftest
configure:22198: $? = 0
configure:22210: result: yes
configure:22122: checking for strndup
configure:22179: mips-uclibc-gcc -o conftest -g -O2   conftest.c  >&5
configure:22185: $? = 0
configure:22189: test -z 
			 || test ! -s conftest.err
configure:22192: $? = 0
configure:22195: test -s conftest
configure:22198: $? = 0
configure:22210: result: yes
configure:22122: checking for strrchr
configure:22179: mips-uclibc-gcc -o conftest -g -O2   conftest.c  >&5
conftest.c:80: warning: conflicting types for built-in function `strrchr'
configure:22185: $? = 0
configure:22189: test -z 
			 || test ! -s conftest.err
configure:22192: $? = 0
configure:22195: test -s conftest
configure:22198: $? = 0
configure:22210: result: yes
configure:22122: checking for strstr
configure:22179: mips-uclibc-gcc -o conftest -g -O2   conftest.c  >&5
conftest.c:81: warning: conflicting types for built-in function `strstr'
configure:22185: $? = 0
configure:22189: test -z 
			 || test ! -s conftest.err
configure:22192: $? = 0
configure:22195: test -s conftest
configure:22198: $? = 0
configure:22210: result: yes
configure:22122: checking for strtol
configure:22179: mips-uclibc-gcc -o conftest -g -O2   conftest.c  >&5
configure:22185: $? = 0
configure:22189: test -z 
			 || test ! -s conftest.err
configure:22192: $? = 0
configure:22195: test -s conftest
configure:22198: $? = 0
configure:22210: result: yes
configure:22122: checking for strtoul
configure:22179: mips-uclibc-gcc -o conftest -g -O2   conftest.c  >&5
configure:22185: $? = 0
configure:22189: test -z 
			 || test ! -s conftest.err
configure:22192: $? = 0
configure:22195: test -s conftest
configure:22198: $? = 0
configure:22210: result: yes
configure:22122: checking for sysinfo
configure:22179: mips-uclibc-gcc -o conftest -g -O2   conftest.c  >&5
configure:22185: $? = 0
configure:22189: test -z 
			 || test ! -s conftest.err
configure:22192: $? = 0
configure:22195: test -s conftest
configure:22198: $? = 0
configure:22210: result: yes
configure:22122: checking for utime
configure:22179: mips-uclibc-gcc -o conftest -g -O2   conftest.c  >&5
configure:22185: $? = 0
configure:22189: test -z 
			 || test ! -s conftest.err
configure:22192: $? = 0
configure:22195: test -s conftest
configure:22198: $? = 0
configure:22210: result: yes
configure:22359: creating ./config.status

## ---------------------- ##
## Running config.status. ##
## ---------------------- ##

This file was extended by config.status, which was
generated by GNU Autoconf 2.59.  Invocation command line was

  CONFIG_FILES    = 
  CONFIG_HEADERS  = 
  CONFIG_LINKS    = 
  CONFIG_COMMANDS = 
  $ ./config.status 

on localhost.localdomain

config.status:724: creating Makefile
config.status:724: creating etc/Makefile
config.status:724: creating familiar/Makefile
config.status:724: creating familiar/control
config.status:724: creating familiar/control-unstripped
config.status:724: creating familiar/libipkg-control
config.status:724: creating familiar/libipkg-dev-control
config.status:724: creating libbb/Makefile
config.status:724: creating libipkg.pc
config.status:724: creating ipkg.h
config.status:828: creating config.h
config.status:1206: executing depfiles commands

## ---------------- ##
## Cache variables. ##
## ---------------- ##

ac_cv_build=i686-pc-linux-gnu
ac_cv_build_alias=i686-pc-linux-gnu
ac_cv_c_compiler_gnu=yes
ac_cv_c_const=yes
ac_cv_cxx_compiler_gnu=yes
ac_cv_env_CC_set=set
ac_cv_env_CC_value=mips-uclibc-gcc
ac_cv_env_CFLAGS_set=
ac_cv_env_CFLAGS_value=
ac_cv_env_CPPFLAGS_set=
ac_cv_env_CPPFLAGS_value=
ac_cv_env_CPP_set=
ac_cv_env_CPP_value=
ac_cv_env_CXXCPP_set=
ac_cv_env_CXXCPP_value=
ac_cv_env_CXXFLAGS_set=
ac_cv_env_CXXFLAGS_value=
ac_cv_env_CXX_set=set
ac_cv_env_CXX_value=mips-uclibc-g++
ac_cv_env_F77_set=
ac_cv_env_F77_value=
ac_cv_env_FFLAGS_set=
ac_cv_env_FFLAGS_value=
ac_cv_env_LDFLAGS_set=
ac_cv_env_LDFLAGS_value=
ac_cv_env_build_alias_set=
ac_cv_env_build_alias_value=
ac_cv_env_host_alias_set=set
ac_cv_env_host_alias_value=mips
ac_cv_env_target_alias_set=
ac_cv_env_target_alias_value=
ac_cv_exeext=
ac_cv_f77_compiler_gnu=yes
ac_cv_func__doprnt=no
ac_cv_func_chown_works=no
ac_cv_func_fork=yes
ac_cv_func_fork_works=yes
ac_cv_func_memmove=yes
ac_cv_func_memset=yes
ac_cv_func_mkdir=yes
ac_cv_func_regcomp=yes
ac_cv_func_strchr=yes
ac_cv_func_strcspn=yes
ac_cv_func_strdup=yes
ac_cv_func_strerror=yes
ac_cv_func_strndup=yes
ac_cv_func_strrchr=yes
ac_cv_func_strstr=yes
ac_cv_func_strtol=yes
ac_cv_func_strtoul=yes
ac_cv_func_sysinfo=yes
ac_cv_func_utime=yes
ac_cv_func_utime_null=no
ac_cv_func_vfork=yes
ac_cv_func_vfork_works=yes
ac_cv_func_vprintf=yes
ac_cv_header_dirent_dirent_h=yes
ac_cv_header_dlfcn_h=yes
ac_cv_header_errno_h=yes
ac_cv_header_fcntl_h=yes
ac_cv_header_inttypes_h=yes
ac_cv_header_memory_h=yes
ac_cv_header_regex_h=yes
ac_cv_header_stdc=yes
ac_cv_header_stddef_h=yes
ac_cv_header_stdint_h=yes
ac_cv_header_stdlib_h=yes
ac_cv_header_string_h=yes
ac_cv_header_strings_h=yes
ac_cv_header_sys_stat_h=yes
ac_cv_header_sys_types_h=yes
ac_cv_header_sys_wait_h=yes
ac_cv_header_unistd_h=yes
ac_cv_header_utime_h=yes
ac_cv_header_vfork_h=no
ac_cv_host=mips-unknown-elf
ac_cv_host_alias=mips
ac_cv_member_struct_stat_st_rdev=yes
ac_cv_objext=o
ac_cv_path_install='/usr/bin/install -c'
ac_cv_prog_AR=mips-uclibc-ar
ac_cv_prog_AWK=gawk
ac_cv_prog_CC=mips-uclibc-gcc
ac_cv_prog_CPP='mips-uclibc-gcc -E'
ac_cv_prog_CXX=mips-uclibc-g++
ac_cv_prog_CXXCPP='mips-uclibc-g++ -E'
ac_cv_prog_RANLIB=mips-uclibc-ranlib
ac_cv_prog_STRIP=mips-uclibc-strip
ac_cv_prog_ac_ct_F77=f95
ac_cv_prog_cc_g=yes
ac_cv_prog_cc_stdc=
ac_cv_prog_cxx_g=yes
ac_cv_prog_egrep='grep -E'
ac_cv_prog_f77_g=yes
ac_cv_prog_make_make_set=yes
ac_cv_search_opendir='none required'
ac_cv_type_mode_t=yes
ac_cv_type_off_t=yes
ac_cv_type_pid_t=yes
ac_cv_type_signal=void
ac_cv_type_size_t=yes
ac_cv_type_uid_t=yes
am_cv_CC_dependencies_compiler_type=gcc3
am_cv_CXX_dependencies_compiler_type=gcc3
lt_cv_deplibs_check_method=unknown
lt_cv_file_magic_cmd='$MAGIC_CMD'
lt_cv_file_magic_test_file=
lt_cv_ld_reload_flag=-r
lt_cv_objdir=.libs
lt_cv_path_LD=mips-uclibc-ld
lt_cv_path_LDCXX=mips-uclibc-ld
lt_cv_path_NM=mips-uclibc-nm
lt_cv_path_SED=/bin/sed
lt_cv_prog_compiler_c_o=yes
lt_cv_prog_compiler_c_o_CXX=yes
lt_cv_prog_compiler_c_o_F77=yes
lt_cv_prog_compiler_rtti_exceptions=yes
lt_cv_prog_gnu_ld=yes
lt_cv_prog_gnu_ldcxx=yes
lt_cv_sys_global_symbol_pipe='sed -n -e '\''s/^.*[ 	]\([ABCDGIRSTW][ABCDGIRSTW]*\)[ 	][ 	]*\([_A-Za-z][_A-Za-z0-9]*\)$/\1 \2 \2/p'\'''
lt_cv_sys_global_symbol_to_c_name_address='sed -n -e '\''s/^: \([^ ]*\) $/  {\"\1\", (lt_ptr) 0},/p'\'' -e '\''s/^[BCDEGRST] \([^ ]*\) \([^ ]*\)$/  {"\2", (lt_ptr) \&\2},/p'\'''
lt_cv_sys_global_symbol_to_cdecl='sed -n -e '\''s/^. .* \(.*\)$/extern int \1;/p'\'''
lt_cv_sys_max_cmd_len=32768
lt_lt_cv_prog_compiler_c_o='"yes"'
lt_lt_cv_prog_compiler_c_o_CXX='"yes"'
lt_lt_cv_prog_compiler_c_o_F77='"yes"'
lt_lt_cv_sys_global_symbol_pipe='"sed -n -e '\''s/^.*[ 	]\\([ABCDGIRSTW][ABCDGIRSTW]*\\)[ 	][ 	]*\\([_A-Za-z][_A-Za-z0-9]*\\)\$/\\1 \\2 \\2/p'\''"'
lt_lt_cv_sys_global_symbol_to_c_name_address='"sed -n -e '\''s/^: \\([^ ]*\\) \$/  {\\\"\\1\\\", (lt_ptr) 0},/p'\'' -e '\''s/^[BCDEGRST] \\([^ ]*\\) \\([^ ]*\\)\$/  {\"\\2\", (lt_ptr) \\&\\2},/p'\''"'
lt_lt_cv_sys_global_symbol_to_cdecl='"sed -n -e '\''s/^. .* \\(.*\\)\$/extern int \\1;/p'\''"'

## ----------------- ##
## Output variables. ##
## ----------------- ##

ACLOCAL='${SHELL} /home/brett/livebox/trunk/userapps/opensource/ipkg/missing --run aclocal-1.9'
AMDEPBACKSLASH='\'
AMDEP_FALSE='#'
AMDEP_TRUE=''
AMTAR='${SHELL} /home/brett/livebox/trunk/userapps/opensource/ipkg/missing --run tar'
AR='mips-uclibc-ar'
AUTOCONF='${SHELL} /home/brett/livebox/trunk/userapps/opensource/ipkg/missing --run autoconf'
AUTOHEADER='${SHELL} /home/brett/livebox/trunk/userapps/opensource/ipkg/missing --run autoheader'
AUTOMAKE='${SHELL} /home/brett/livebox/trunk/userapps/opensource/ipkg/missing --run automake-1.9'
AWK='gawk'
CC='mips-uclibc-gcc'
CCDEPMODE='depmode=gcc3'
CFLAGS='-g -O2'
CPP='mips-uclibc-gcc -E'
CPPFLAGS=''
CXX='mips-uclibc-g++'
CXXCPP='mips-uclibc-g++ -E'
CXXDEPMODE='depmode=gcc3'
CXXFLAGS='-g -O2'
CYGPATH_W='echo'
DEFS='-DHAVE_CONFIG_H'
DEPDIR='.deps'
ECHO='echo'
ECHO_C=''
ECHO_N='-n'
ECHO_T=''
EGREP='grep -E'
EXEEXT=''
F77='f95'
FFLAGS='-g -O2'
INSTALL_DATA='${INSTALL} -m 644'
INSTALL_PROGRAM='${INSTALL}'
INSTALL_SCRIPT='${INSTALL}'
INSTALL_STRIP_PROGRAM='${SHELL} $(install_sh) -c -s'
LDFLAGS=''
LIBOBJS=''
LIBS=''
LIBTOOL='$(SHELL) $(top_builddir)/libtool'
LN_S='ln -s'
LTLIBOBJS=''
MAKEINFO='${SHELL} /home/brett/livebox/trunk/userapps/opensource/ipkg/missing --run makeinfo'
OBJEXT='o'
PACKAGE='ipkg'
PACKAGE_BUGREPORT=''
PACKAGE_NAME=''
PACKAGE_STRING=''
PACKAGE_TARNAME=''
PACKAGE_VERSION=''
PATH_SEPARATOR=':'
RANLIB='mips-uclibc-ranlib'
SET_MAKE=''
SHELL='/bin/sh'
STRIP='mips-uclibc-strip'
VERSION='0.99.163'
ac_ct_AR=''
ac_ct_CC=''
ac_ct_CXX=''
ac_ct_F77='f95'
ac_ct_RANLIB=''
ac_ct_STRIP=''
am__fastdepCC_FALSE='#'
am__fastdepCC_TRUE=''
am__fastdepCXX_FALSE='#'
am__fastdepCXX_TRUE=''
am__include='include'
am__leading_dot='.'
am__quote=''
am__tar='${AMTAR} chof - "$$tardir"'
am__untar='${AMTAR} xf -'
bindir='${exec_prefix}/bin'
build='i686-pc-linux-gnu'
build_alias=''
build_cpu='i686'
build_os='linux-gnu'
build_vendor='pc'
datadir='${prefix}/share'
exec_prefix='${prefix}'
host='mips-unknown-elf'
host_alias='mips'
host_cpu='mips'
host_os='elf'
host_vendor='unknown'
includedir='${prefix}/include'
infodir='${prefix}/info'
install_sh='/home/brett/livebox/trunk/userapps/opensource/ipkg/install-sh'
ipkglibdir='/usr/lib'
libdir='${exec_prefix}/lib'
libexecdir='${exec_prefix}/libexec'
localstatedir='${prefix}/var'
mandir='${prefix}/man'
mkdir_p='mkdir -p --'
oldincludedir='/usr/include'
prefix='/home/brett/livebox/trunk/targets/fs.src'
program_transform_name='s,x,x,'
sbindir='${exec_prefix}/sbin'
sharedstatedir='${prefix}/com'
sysconfdir='${prefix}/etc'
target_alias=''

## ----------- ##
## confdefs.h. ##
## ----------- ##

#define HAVE_DIRENT_H 1
#define HAVE_DLFCN_H 1
#define HAVE_ERRNO_H 1
#define HAVE_FCNTL_H 1
#define HAVE_FORK 1
#define HAVE_INTTYPES_H 1
#define HAVE_MEMMOVE 1
#define HAVE_MEMORY_H 1
#define HAVE_MEMORY_H 1
#define HAVE_MEMSET 1
#define HAVE_MKDIR 1
#define HAVE_REGCOMP 1
#define HAVE_REGEX_H 1
#define HAVE_STDDEF_H 1
#define HAVE_STDINT_H 1
#define HAVE_STDLIB_H 1
#define HAVE_STDLIB_H 1
#define HAVE_STRCHR 1
#define HAVE_STRCSPN 1
#define HAVE_STRDUP 1
#define HAVE_STRERROR 1
#define HAVE_STRINGS_H 1
#define HAVE_STRINGS_H 1
#define HAVE_STRING_H 1
#define HAVE_STRING_H 1
#define HAVE_STRNDUP 1
#define HAVE_STRRCHR 1
#define HAVE_STRSTR 1
#define HAVE_STRTOL 1
#define HAVE_STRTOUL 1
#define HAVE_STRUCT_STAT_ST_RDEV 1
#define HAVE_SYSINFO 1
#define HAVE_SYS_STAT_H 1
#define HAVE_SYS_TYPES_H 1
#define HAVE_SYS_WAIT_H 1
#define HAVE_UNISTD_H 1
#define HAVE_UNISTD_H 1
#define HAVE_UNISTD_H 1
#define HAVE_UNISTD_H 1
#define HAVE_UTIME 1
#define HAVE_UTIME_H 1
#define HAVE_VFORK 1
#define HAVE_VPRINTF 1
#define HAVE_WORKING_FORK 1
#define HAVE_WORKING_VFORK 1
#define PACKAGE "ipkg"
#define PACKAGE_BUGREPORT ""
#define PACKAGE_NAME ""
#define PACKAGE_STRING ""
#define PACKAGE_TARNAME ""
#define PACKAGE_VERSION ""
#define RETSIGTYPE void
#define STDC_HEADERS 1
#define STDC_HEADERS 1
#define VERSION "0.99.163"
#endif
#ifdef __cplusplus
extern "C" void std::exit (int) throw (); using std::exit;

configure: exit 0
